<?xml version="1.0" encoding="UTF-8"?>
<!-- Generated by org.testng.reporters.JUnitXMLReporter -->
<testsuite hostname="DESKTOP-NPIU4CH" ignored="0" name="Verify Gumtree API Response data" tests="1" failures="1" timestamp="2022-03-23T22:53:42 AEDT" time="2.791" errors="0">
  <testcase name="verifySydneyWeatherOnThursdays" time="2.718" classname="apichallenge.GumtreeApiChallenge">
    <failure type="java.lang.AssertionError" message="Verify the title 2019 Fusso Fighter 1224 expected [true] but found [false]">
      <![CDATA[java.lang.AssertionError: Verify the title 2019 Fusso Fighter 1224 expected [true] but found [false]
at apichallenge.GumtreeApiChallenge.verifySydneyWeatherOnThursdays(GumtreeApiChallenge.java:70)
at java.util.ArrayList.forEach(Unknown Source)
... Removed 30 stack frames]]>
    </failure>
  </testcase> <!-- verifySydneyWeatherOnThursdays -->
</testsuite> <!-- Verify Gumtree API Response data -->
