<?xml version="1.0" encoding="UTF-8"?>
<testng-results skipped="0" failed="0" ignored="0" total="2" passed="2">
  <reporter-output>
  </reporter-output>
  <suite name="Suite" duration-ms="28863" started-at="2022-03-23T23:00:40 AEDT" finished-at="2022-03-23T23:01:08 AEDT">
    <groups>
    </groups>
    <test name="Verify Gumtree API Response data" duration-ms="2929" started-at="2022-03-23T23:00:40 AEDT" finished-at="2022-03-23T23:00:42 AEDT">
      <class name="apichallenge.GumtreeApiChallenge">
        <test-method status="PASS" signature="setup()[pri:0, instance:apichallenge.GumtreeApiChallenge@17776a8]" name="setup" is-config="true" duration-ms="11" started-at="2022-03-23T23:00:40 AEDT" finished-at="2022-03-23T23:00:40 AEDT">
          <reporter-output>
          </reporter-output>
        </test-method> <!-- setup -->
        <test-method status="PASS" signature="verifySydneyWeatherOnThursdays(java.lang.String)[pri:0, instance:apichallenge.GumtreeApiChallenge@17776a8]" name="verifySydneyWeatherOnThursdays" duration-ms="2785" started-at="2022-03-23T23:00:40 AEDT" finished-at="2022-03-23T23:00:42 AEDT">
          <params>
            <param index="0">
              <value>
                <![CDATA[2019 Fuso Fighter 1224]]>
              </value>
            </param>
          </params>
          <reporter-output>
          </reporter-output>
        </test-method> <!-- verifySydneyWeatherOnThursdays -->
      </class> <!-- apichallenge.GumtreeApiChallenge -->
    </test> <!-- Verify Gumtree API Response data -->
    <test name="Verify Gumtree AdData In UI" duration-ms="25885" started-at="2022-03-23T23:00:43 AEDT" finished-at="2022-03-23T23:01:08 AEDT">
      <class name="com.businesscomponents.GumtreeCodeChallenge">
        <test-method status="PASS" signature="initialize()[pri:0, instance:com.businesscomponents.GumtreeCodeChallenge@16267862]" name="initialize" is-config="true" duration-ms="1850" started-at="2022-03-23T23:00:43 AEDT" finished-at="2022-03-23T23:00:44 AEDT">
          <reporter-output>
          </reporter-output>
        </test-method> <!-- initialize -->
        <test-method status="PASS" signature="commBankTravelMoneyOverSeas(java.lang.String, java.lang.String)[pri:0, instance:com.businesscomponents.GumtreeCodeChallenge@16267862]" name="commBankTravelMoneyOverSeas" duration-ms="22915" started-at="2022-03-23T23:00:44 AEDT" finished-at="2022-03-23T23:01:07 AEDT">
          <params>
            <param index="0">
              <value>
                <![CDATA[Sennheiser Headphones]]>
              </value>
            </param>
            <param index="1">
              <value>
                <![CDATA[Sydney Region, NSW]]>
              </value>
            </param>
          </params>
          <reporter-output>
          </reporter-output>
        </test-method> <!-- commBankTravelMoneyOverSeas -->
        <test-method status="PASS" signature="tearDown()[pri:0, instance:com.businesscomponents.GumtreeCodeChallenge@16267862]" name="tearDown" is-config="true" duration-ms="1118" started-at="2022-03-23T23:01:07 AEDT" finished-at="2022-03-23T23:01:08 AEDT">
          <reporter-output>
          </reporter-output>
        </test-method> <!-- tearDown -->
      </class> <!-- com.businesscomponents.GumtreeCodeChallenge -->
    </test> <!-- Verify Gumtree AdData In UI -->
  </suite> <!-- Suite -->
</testng-results>
